<?xml version="1.0" encoding="UTF-8"?>
<testsuite name="NeuralNetworkUtilTest" tests="1" skipped="0" failures="0" errors="0" timestamp="2021-06-15T06:46:33" hostname="valentin-VivoBook-ASUSLaptop-X509FJ-X509FJ" time="0.032">
  <properties/>
  <testcase name="randomWeightedMatrixGeneratorTest()" classname="NeuralNetworkUtilTest" time="0.032"/>
  <system-out><![CDATA[  0.180   0.217   0.223   0.105  -0.351   0.027  -0.218   0.098 
  0.252  -0.040  -0.173  -0.315  -0.021  -0.170  -0.059   0.299 
  0.189  -0.124  -0.328   0.226   0.290   0.252  -0.213  -0.247 
  0.146  -0.293  -0.199   0.161   0.324  -0.012  -0.059  -0.047 
 -0.193  -0.076  -0.005  -0.022   0.071   0.204   0.263   0.070 
]]></system-out>
  <system-err><![CDATA[]]></system-err>
</testsuite>
